Version   : 5.1.11
Date      : Thu, 2 Apr 2009 11:17:33 +0200
OS        : Microsoft Windows XP
RAD       : Delphi 7.0
Dump      : $8B $C3 $8B $10 $FF $92 $84 $00 $00 $00 $8B $43 $10 $8D $04 $F0 $8B $D7 $E8 $97 $2D $FE $FF $8B $C3 $8B $10 $FF $92 $80 $00 $00 
Section   : 702232
LastExcept: Exception
Address   : $00422506
Exception : EStringListError
Message   : List index out of bounds (337)
Call Stack: 00 $00421258 - [00400000] BasicConfig.exe 
            01 $004212BD - [00400000] BasicConfig.exe 
            02 $00421290 - [00400000] BasicConfig.exe 
            03 $00422501 - [00400000] BasicConfig.exe 
            04 $0043F487 - [00400000] BasicConfig.exe 
            05 $0043F394 - [00400000] BasicConfig.exe 
            06 $00456682 - [00400000] BasicConfig.exe 
            07 $00455D90 - [00400000] BasicConfig.exe 
            08 $00456D6F - [00400000] BasicConfig.exe 
            09 $00456CF0 - [00400000] BasicConfig.exe 
            0A $00459052 - [00400000] BasicConfig.exe 
            0B $77D1BFBD - [77D10000] user32.dll 
            0C $77D1E361 - [77D10000] user32.dll 
            0D $0040E7B8 - [00400000] BasicConfig.exe 
            0E $0054DE37 - [00400000] BasicConfig.exe  - CcXMLRPCTransport.pas - TCcXmlRpcClientTransport - DoRemoteCall - 231
            0F $004588A8 - [00400000] BasicConfig.exe 
            10 $00459A1B - [00400000] BasicConfig.exe 
            11 $00429A90 - [00400000] BasicConfig.exe 
            12 $77D1BFBD - [77D10000] user32.dll 
            13 $77D1E361 - [77D10000] user32.dll 
            14 $00405204 - [00400000] BasicConfig.exe 
            15 $7C80B508 - [7C800000] kernel32.dll 
            16 $77D1BFBD - [77D10000] user32.dll 
            17 $77D1E361 - [77D10000] user32.dll 
            18 $7C8399ED - [7C800000] kernel32.dll 
